<?xml version="1.0" encoding="UTF-8"?>
<testsuite xmlns:xsi="http://www.w3.org/2001/XMLSchema-instance" xsi:noNamespaceSchemaLocation="https://maven.apache.org/surefire/maven-surefire-plugin/xsd/surefire-test-report.xsd" version="3.0.2" name="com.employee_mgr_server.EmployeeMgrServerApplicationTests" time="2.504" tests="1" errors="0" skipped="0" failures="0">
  <properties>
[...]
</properties>
  <testcase name="contextLoads" classname="com.employee_mgr_server.EmployeeMgrServerApplicationTests" time="0.362">
    <system-out><![CDATA[09:19:09.698 [main] INFO org.springframework.test.context.support.AnnotationConfigContextLoaderUtils -- Could not detect default configuration classes for test class [com.employee_mgr_server.EmployeeMgrServerApplicationTests]: EmployeeMgrServerApplicationTests does not declare any static, non-private, non-final, nested classes annotated with @Configuration.
09:19:09.755 [main] INFO org.springframework.boot.test.context.SpringBootTestContextBootstrapper -- Found @SpringBootConfiguration com.employee_mgr_server.EmployeeMgrServerApplication for test class com.employee_mgr_server.EmployeeMgrServerApplicationTests
09:19:09.832 [main] INFO org.springframework.boot.devtools.restart.RestartApplicationListener -- Restart disabled due to context in which it is running

  .   ____          _            __ _ _
 /\\ / ___'_ __ _ _(_)_ __  __ _ \ \ \ \
( ( )\___ | '_ | '_| | '_ \/ _` | \ \ \ \
 \\/  ___)| |_)| | | | | || (_| |  ) ) ) )
  '  |____| .__|_| |_|_| |_\__, | / / / /
 =========|_|==============|___/=/_/_/_/

 :: Spring Boot ::                (v3.4.0)

2024-12-13T09:19:09.948-05:00  INFO 83902 --- [employee-mgr-server] [           main] c.e.EmployeeMgrServerApplicationTests    : Starting EmployeeMgrServerApplicationTests using Java 23.0.1 with PID 83902 (started by davidsmith in /Users/davidsmith/Documents/source/24q4-team5-Prod/employee-manager-server)
2024-12-13T09:19:09.948-05:00  INFO 83902 --- [employee-mgr-server] [           main] c.e.EmployeeMgrServerApplicationTests    : No active profile set, falling back to 1 default profile: "default"
2024-12-13T09:19:10.280-05:00  INFO 83902 --- [employee-mgr-server] [           main] .s.d.r.c.RepositoryConfigurationDelegate : Bootstrapping Spring Data JPA repositories in DEFAULT mode.
2024-12-13T09:19:10.303-05:00  INFO 83902 --- [employee-mgr-server] [           main] .s.d.r.c.RepositoryConfigurationDelegate : Finished Spring Data repository scanning in 17 ms. Found 1 JPA repository interface.
2024-12-13T09:19:10.525-05:00  INFO 83902 --- [employee-mgr-server] [           main] o.hibernate.jpa.internal.util.LogHelper  : HHH000204: Processing PersistenceUnitInfo [name: default]
2024-12-13T09:19:10.569-05:00  INFO 83902 --- [employee-mgr-server] [           main] org.hibernate.Version                    : HHH000412: Hibernate ORM core version 6.6.2.Final
2024-12-13T09:19:10.592-05:00  INFO 83902 --- [employee-mgr-server] [           main] o.h.c.internal.RegionFactoryInitiator    : HHH000026: Second-level cache disabled
2024-12-13T09:19:10.760-05:00  INFO 83902 --- [employee-mgr-server] [           main] o.s.o.j.p.SpringPersistenceUnitInfo      : No LoadTimeWeaver setup: ignoring JPA class transformer
2024-12-13T09:19:10.773-05:00  INFO 83902 --- [employee-mgr-server] [           main] com.zaxxer.hikari.HikariDataSource       : HikariPool-1 - Starting...
2024-12-13T09:19:10.862-05:00  INFO 83902 --- [employee-mgr-server] [           main] com.zaxxer.hikari.pool.HikariPool        : HikariPool-1 - Added connection conn0: url=jdbc:h2:file:./data/employee_mgr user=
2024-12-13T09:19:10.863-05:00  INFO 83902 --- [employee-mgr-server] [           main] com.zaxxer.hikari.HikariDataSource       : HikariPool-1 - Start completed.
2024-12-13T09:19:10.875-05:00  WARN 83902 --- [employee-mgr-server] [           main] org.hibernate.orm.deprecation            : HHH90000025: H2Dialect does not need to be specified explicitly using 'hibernate.dialect' (remove the property setting and it will be selected by default)
2024-12-13T09:19:10.886-05:00  INFO 83902 --- [employee-mgr-server] [           main] org.hibernate.orm.connections.pooling    : HHH10001005: Database info:
	Database JDBC URL [Connecting through datasource 'HikariDataSource (HikariPool-1)']
	Database driver: undefined/unknown
	Database version: 2.3.232
	Autocommit mode: undefined/unknown
	Isolation level: undefined/unknown
	Minimum pool size: undefined/unknown
	Maximum pool size: undefined/unknown
2024-12-13T09:19:11.240-05:00  INFO 83902 --- [employee-mgr-server] [           main] o.h.e.t.j.p.i.JtaPlatformInitiator       : HHH000489: No JTA platform available (set 'hibernate.transaction.jta.platform' to enable JTA platform integration)
2024-12-13T09:19:11.266-05:00  INFO 83902 --- [employee-mgr-server] [           main] j.LocalContainerEntityManagerFactoryBean : Initialized JPA EntityManagerFactory for persistence unit 'default'
2024-12-13T09:19:11.552-05:00  WARN 83902 --- [employee-mgr-server] [           main] JpaBaseConfiguration$JpaWebConfiguration : spring.jpa.open-in-view is enabled by default. Therefore, database queries may be performed during view rendering. Explicitly configure spring.jpa.open-in-view to disable this warning
2024-12-13T09:19:11.734-05:00  INFO 83902 --- [employee-mgr-server] [           main] c.e.EmployeeMgrServerApplicationTests    : Started EmployeeMgrServerApplicationTests in 1.907 seconds (process running for 2.387)
]]></system-out>
    <system-err><![CDATA[Mockito is currently self-attaching to enable the inline-mock-maker. This will no longer work in future releases of the JDK. Please add Mockito as an agent to your build what is described in Mockito's documentation: https://javadoc.io/doc/org.mockito/mockito-core/latest/org/mockito/Mockito.html#0.3
WARNING: A Java agent has been loaded dynamically (/Users/davidsmith/.m2/repository/net/bytebuddy/byte-buddy-agent/1.15.10/byte-buddy-agent-1.15.10.jar)
WARNING: If a serviceability tool is in use, please run with -XX:+EnableDynamicAgentLoading to hide this warning
WARNING: If a serviceability tool is not in use, please run with -Djdk.instrument.traceUsage for more information
WARNING: Dynamic loading of agents will be disallowed by default in a future release
]]></system-err>
  </testcase>
</testsuite>